<?xml version="1.0" encoding="UTF-8"?>
<testng-results ignored="0" total="3" passed="3" failed="0" skipped="0">
  <reporter-output>
  </reporter-output>
  <suite started-at="2024-12-18T20:16:25 IST" name="Default suite" finished-at="2024-12-18T20:16:25 IST" duration-ms="95">
    <groups>
    </groups>
    <test started-at="2024-12-18T20:16:25 IST" name="Default test" finished-at="2024-12-18T20:16:25 IST" duration-ms="95">
      <class name="finalAssignment.TestNGP004">
        <test-method signature="testLogin(java.lang.String,java.lang.String)[pri:0, instance:finalAssignment.TestNGP004@1a677343]" started-at="2024-12-18T20:16:25 IST" name="testLogin" data-provider="loginData" finished-at="2024-12-18T20:16:25 IST" duration-ms="15" status="PASS">
          <params>
            <param index="0">
              <value>
                <![CDATA[user1]]>
              </value>
            </param>
            <param index="1">
              <value>
                <![CDATA[password1]]>
              </value>
            </param>
          </params>
          <reporter-output>
          </reporter-output>
        </test-method> <!-- testLogin -->
        <test-method signature="testLogin(java.lang.String,java.lang.String)[pri:0, instance:finalAssignment.TestNGP004@1a677343]" started-at="2024-12-18T20:16:25 IST" name="testLogin" data-provider="loginData" finished-at="2024-12-18T20:16:25 IST" duration-ms="3" status="PASS">
          <params>
            <param index="0">
              <value>
                <![CDATA[user2]]>
              </value>
            </param>
            <param index="1">
              <value>
                <![CDATA[password2]]>
              </value>
            </param>
          </params>
          <reporter-output>
          </reporter-output>
        </test-method> <!-- testLogin -->
        <test-method signature="testLogin(java.lang.String,java.lang.String)[pri:0, instance:finalAssignment.TestNGP004@1a677343]" started-at="2024-12-18T20:16:25 IST" name="testLogin" data-provider="loginData" finished-at="2024-12-18T20:16:25 IST" duration-ms="3" status="PASS">
          <params>
            <param index="0">
              <value>
                <![CDATA[user3]]>
              </value>
            </param>
            <param index="1">
              <value>
                <![CDATA[password3]]>
              </value>
            </param>
          </params>
          <reporter-output>
          </reporter-output>
        </test-method> <!-- testLogin -->
      </class> <!-- finalAssignment.TestNGP004 -->
    </test> <!-- Default test -->
  </suite> <!-- Default suite -->
</testng-results>
