<?xml version="1.0" encoding="UTF-8"?>
<!-- Generated by org.testng.reporters.JUnitXMLReporter -->
<testsuite ignored="0" hostname="LAPTOP-6AF90N6D" failures="0" tests="3" name="Default test" time="0.095" errors="0" timestamp="2024-12-18T20:16:25 IST">
  <testcase classname="finalAssignment.TestNGP004" name="testLogin" time="0.015"/>
  <testcase classname="finalAssignment.TestNGP004" name="testLogin" time="0.003"/>
  <testcase classname="finalAssignment.TestNGP004" name="testLogin" time="0.003"/>
</testsuite> <!-- Default test -->
